2017-03-09 00:36:58,474 INFO  [org.jboss.modules] (main) JBoss Modules version 1.5.2.Final
2017-03-09 00:37:08,853 INFO  [org.jboss.msc] (main) JBoss MSC version 1.2.6.Final
2017-03-09 00:37:08,982 INFO  [org.jboss.as] (MSC service thread 1-6) WFLYSRV0049: WildFly Full 10.1.0.Final (WildFly Core 2.2.0.Final) starting
2017-03-09 00:37:08,984 DEBUG [org.jboss.as.config] (MSC service thread 1-6) Configured system properties:
	[Standalone] = 
	awt.toolkit = sun.lwawt.macosx.LWCToolkit
	file.encoding = UTF-8
	file.encoding.pkg = sun.io
	file.separator = /
	gopherProxySet = false
	java.awt.graphicsenv = sun.awt.CGraphicsEnvironment
	java.awt.headless = true
	java.awt.printerjob = sun.lwawt.macosx.CPrinterJob
	java.class.path = /Users/yapi/Servers/wildfly-10.1.0.Final/jboss-modules.jar
	java.class.version = 52.0
	java.endorsed.dirs = /Library/Java/JavaVirtualMachines/jdk1.8.0_111.jdk/Contents/Home/jre/lib/endorsed
	java.ext.dirs = /Users/yapi/Library/Java/Extensions:/Library/Java/JavaVirtualMachines/jdk1.8.0_111.jdk/Contents/Home/jre/lib/ext:/Library/Java/Extensions:/Network/Library/Java/Extensions:/System/Library/Java/Extensions:/usr/lib/java
	java.home = /Library/Java/JavaVirtualMachines/jdk1.8.0_111.jdk/Contents/Home/jre
	java.io.tmpdir = /var/folders/fb/n9hml22123g81cvchsw7jt0w0000gn/T/
	java.library.path = /Users/yapi/Library/Java/Extensions:/Library/Java/Extensions:/Network/Library/Java/Extensions:/System/Library/Java/Extensions:/usr/lib/java:.
	java.net.preferIPv4Stack = true
	java.runtime.name = Java(TM) SE Runtime Environment
	java.runtime.version = 1.8.0_111-b14
	java.specification.name = Java Platform API Specification
	java.specification.vendor = Oracle Corporation
	java.specification.version = 1.8
	java.util.logging.manager = org.jboss.logmanager.LogManager
	java.vendor = Oracle Corporation
	java.vendor.url = http://java.oracle.com/
	java.vendor.url.bug = http://bugreport.sun.com/bugreport/
	java.version = 1.8.0_111
	java.vm.info = mixed mode
	java.vm.name = Java HotSpot(TM) 64-Bit Server VM
	java.vm.specification.name = Java Virtual Machine Specification
	java.vm.specification.vendor = Oracle Corporation
	java.vm.specification.version = 1.8
	java.vm.vendor = Oracle Corporation
	java.vm.version = 25.111-b14
	javax.management.builder.initial = org.jboss.as.jmx.PluggableMBeanServerBuilder
	javax.xml.datatype.DatatypeFactory = __redirected.__DatatypeFactory
	javax.xml.parsers.DocumentBuilderFactory = __redirected.__DocumentBuilderFactory
	javax.xml.parsers.SAXParserFactory = __redirected.__SAXParserFactory
	javax.xml.stream.XMLEventFactory = __redirected.__XMLEventFactory
	javax.xml.stream.XMLInputFactory = __redirected.__XMLInputFactory
	javax.xml.stream.XMLOutputFactory = __redirected.__XMLOutputFactory
	javax.xml.transform.TransformerFactory = __redirected.__TransformerFactory
	javax.xml.validation.SchemaFactory:http://www.w3.org/2001/XMLSchema = __redirected.__SchemaFactory
	javax.xml.xpath.XPathFactory:http://java.sun.com/jaxp/xpath/dom = __redirected.__XPathFactory
	jboss.home.dir = /Users/yapi/Servers/wildfly-10.1.0.Final
	jboss.host.name = yandys-macbook-pro
	jboss.modules.dir = /Users/yapi/Servers/wildfly-10.1.0.Final/modules
	jboss.modules.system.pkgs = org.jboss.byteman
	jboss.node.name = yandys-macbook-pro
	jboss.qualified.host.name = yandys-macbook-pro.local
	jboss.server.base.dir = /Users/yapi/Servers/wildfly-10.1.0.Final/standalone
	jboss.server.config.dir = /Users/yapi/Servers/wildfly-10.1.0.Final/standalone/configuration
	jboss.server.data.dir = /Users/yapi/Servers/wildfly-10.1.0.Final/standalone/data
	jboss.server.deploy.dir = /Users/yapi/Servers/wildfly-10.1.0.Final/standalone/data/content
	jboss.server.log.dir = /Users/yapi/Servers/wildfly-10.1.0.Final/standalone/log
	jboss.server.name = yandys-macbook-pro
	jboss.server.persist.config = true
	jboss.server.temp.dir = /Users/yapi/Servers/wildfly-10.1.0.Final/standalone/tmp
	line.separator = 

	logging.configuration = file:/Users/yapi/Servers/wildfly-10.1.0.Final/standalone/configuration/logging.properties
	module.path = /Users/yapi/Servers/wildfly-10.1.0.Final/modules
	org.jboss.boot.log.file = /Users/yapi/Servers/wildfly-10.1.0.Final/standalone/log/server.log
	org.jboss.resolver.warning = true
	org.xml.sax.driver = __redirected.__XMLReaderFactory
	os.arch = x86_64
	os.name = Mac OS X
	os.version = 10.12.3
	path.separator = :
	sun.arch.data.model = 64
	sun.boot.class.path = /Library/Java/JavaVirtualMachines/jdk1.8.0_111.jdk/Contents/Home/jre/lib/resources.jar:/Library/Java/JavaVirtualMachines/jdk1.8.0_111.jdk/Contents/Home/jre/lib/rt.jar:/Library/Java/JavaVirtualMachines/jdk1.8.0_111.jdk/Contents/Home/jre/lib/sunrsasign.jar:/Library/Java/JavaVirtualMachines/jdk1.8.0_111.jdk/Contents/Home/jre/lib/jsse.jar:/Library/Java/JavaVirtualMachines/jdk1.8.0_111.jdk/Contents/Home/jre/lib/jce.jar:/Library/Java/JavaVirtualMachines/jdk1.8.0_111.jdk/Contents/Home/jre/lib/charsets.jar:/Library/Java/JavaVirtualMachines/jdk1.8.0_111.jdk/Contents/Home/jre/lib/jfr.jar:/Library/Java/JavaVirtualMachines/jdk1.8.0_111.jdk/Contents/Home/jre/classes
	sun.boot.library.path = /Library/Java/JavaVirtualMachines/jdk1.8.0_111.jdk/Contents/Home/jre/lib
	sun.cpu.endian = little
	sun.cpu.isalist = 
	sun.io.unicode.encoding = UnicodeBig
	sun.java.command = /Users/yapi/Servers/wildfly-10.1.0.Final/jboss-modules.jar -mp /Users/yapi/Servers/wildfly-10.1.0.Final/modules org.jboss.as.standalone -Djboss.home.dir=/Users/yapi/Servers/wildfly-10.1.0.Final -Djboss.server.base.dir=/Users/yapi/Servers/wildfly-10.1.0.Final/standalone
	sun.java.launcher = SUN_STANDARD
	sun.jnu.encoding = UTF-8
	sun.management.compiler = HotSpot 64-Bit Tiered Compilers
	sun.os.patch.level = unknown
	user.country = CH
	user.dir = /Users/yapi/Servers/wildfly-10.1.0.Final
	user.home = /Users/yapi
	user.language = de
	user.name = yapi
	user.timezone = Europe/Zurich
2017-03-09 00:37:08,986 DEBUG [org.jboss.as.config] (MSC service thread 1-6) VM Arguments: -D[Standalone] -Xms64m -Xmx512m -XX:MetaspaceSize=96M -XX:MaxMetaspaceSize=256m -Djava.net.preferIPv4Stack=true -Djboss.modules.system.pkgs=org.jboss.byteman -Djava.awt.headless=true -Dorg.jboss.boot.log.file=/Users/yapi/Servers/wildfly-10.1.0.Final/standalone/log/server.log -Dlogging.configuration=file:/Users/yapi/Servers/wildfly-10.1.0.Final/standalone/configuration/logging.properties 
2017-03-09 00:37:10,131 INFO  [org.jboss.as.server] (Controller Boot Thread) WFLYSRV0039: Creating http management service using socket-binding (management-http)
2017-03-09 00:37:10,151 INFO  [org.xnio] (MSC service thread 1-8) XNIO version 3.4.0.Final
2017-03-09 00:37:10,158 INFO  [org.xnio.nio] (MSC service thread 1-8) XNIO NIO Implementation Version 3.4.0.Final
2017-03-09 00:37:10,197 INFO  [org.jboss.as.clustering.infinispan] (ServerService Thread Pool -- 38) WFLYCLINF0001: Activating Infinispan subsystem.
2017-03-09 00:37:10,201 INFO  [org.jboss.as.naming] (ServerService Thread Pool -- 46) WFLYNAM0001: Activating Naming Subsystem
2017-03-09 00:37:10,197 WARN  [org.jboss.as.txn] (ServerService Thread Pool -- 54) WFLYTX0013: Node identifier property is set to the default value. Please make sure it is unique.
2017-03-09 00:37:10,213 INFO  [org.jboss.as.security] (ServerService Thread Pool -- 53) WFLYSEC0002: Activating Security Subsystem
2017-03-09 00:37:10,211 INFO  [org.jboss.as.webservices] (ServerService Thread Pool -- 56) WFLYWS0002: Activating WebServices Extension
2017-03-09 00:37:10,211 INFO  [org.wildfly.extension.io] (ServerService Thread Pool -- 37) WFLYIO001: Worker 'default' has auto-configured to 16 core threads with 128 task threads based on your 8 available processors
2017-03-09 00:37:10,225 INFO  [org.jboss.as.security] (MSC service thread 1-5) WFLYSEC0001: Current PicketBox version=4.9.6.Final
2017-03-09 00:37:10,225 INFO  [org.jboss.as.jsf] (ServerService Thread Pool -- 44) WFLYJSF0007: Activated the following JSF Implementations: [main]
2017-03-09 00:37:10,239 INFO  [org.wildfly.extension.undertow] (MSC service thread 1-2) WFLYUT0003: Undertow 1.4.0.Final starting
2017-03-09 00:37:10,256 INFO  [org.jboss.as.connector] (MSC service thread 1-2) WFLYJCA0009: Starting JCA Subsystem (WildFly/IronJacamar 1.3.4.Final)
2017-03-09 00:37:10,300 INFO  [org.jboss.as.naming] (MSC service thread 1-2) WFLYNAM0003: Starting Naming Service
2017-03-09 00:37:10,300 INFO  [org.jboss.as.mail.extension] (MSC service thread 1-6) WFLYMAIL0001: Bound mail session [java:jboss/mail/Default]
2017-03-09 00:37:10,308 INFO  [org.jboss.as.connector.subsystems.datasources] (ServerService Thread Pool -- 33) WFLYJCA0004: Deploying JDBC-compliant driver class org.h2.Driver (version 1.3)
2017-03-09 00:37:10,313 INFO  [org.jboss.as.connector.deployers.jdbc] (MSC service thread 1-4) WFLYJCA0018: Started Driver service with driver-name = h2
2017-03-09 00:37:10,341 INFO  [org.jboss.remoting] (MSC service thread 1-7) JBoss Remoting version 4.0.21.Final
2017-03-09 00:37:10,422 INFO  [org.wildfly.extension.undertow] (ServerService Thread Pool -- 55) WFLYUT0014: Creating file handler for path '/Users/yapi/Servers/wildfly-10.1.0.Final/welcome-content' with options [directory-listing: 'false', follow-symlink: 'false', case-sensitive: 'true', safe-symlink-paths: '[]']
2017-03-09 00:37:10,453 INFO  [org.wildfly.extension.undertow] (MSC service thread 1-8) WFLYUT0012: Started server default-server.
2017-03-09 00:37:10,455 INFO  [org.wildfly.extension.undertow] (MSC service thread 1-8) WFLYUT0018: Host default-host starting
2017-03-09 00:37:10,534 ERROR [org.jboss.msc.service.fail] (MSC service thread 1-5) MSC000001: Failed to start service jboss.undertow.listener.default: org.jboss.msc.service.StartException in service jboss.undertow.listener.default: WFLYUT0082: Could not start 'default' listener.
	at org.wildfly.extension.undertow.ListenerService.start(ListenerService.java:153)
	at org.jboss.msc.service.ServiceControllerImpl$StartTask.startService(ServiceControllerImpl.java:1948)
	at org.jboss.msc.service.ServiceControllerImpl$StartTask.run(ServiceControllerImpl.java:1881)
	at java.util.concurrent.ThreadPoolExecutor.runWorker(ThreadPoolExecutor.java:1142)
	at java.util.concurrent.ThreadPoolExecutor$Worker.run(ThreadPoolExecutor.java:617)
	at java.lang.Thread.run(Thread.java:745)
Caused by: java.net.SocketException: Permission denied
	at sun.nio.ch.Net.bind0(Native Method)
	at sun.nio.ch.Net.bind(Net.java:433)
	at sun.nio.ch.Net.bind(Net.java:425)
	at sun.nio.ch.ServerSocketChannelImpl.bind(ServerSocketChannelImpl.java:223)
	at sun.nio.ch.ServerSocketAdaptor.bind(ServerSocketAdaptor.java:74)
	at org.xnio.nio.NioXnioWorker.createTcpConnectionServer(NioXnioWorker.java:190)
	at org.xnio.XnioWorker.createStreamConnectionServer(XnioWorker.java:243)
	at org.wildfly.extension.undertow.HttpListenerService.startListening(HttpListenerService.java:126)
	at org.wildfly.extension.undertow.ListenerService.start(ListenerService.java:142)
	... 5 more

2017-03-09 00:37:10,539 INFO  [org.jboss.as.ejb3] (MSC service thread 1-2) WFLYEJB0481: Strict pool slsb-strict-max-pool is using a max instance size of 128 (per class), which is derived from thread worker pool sizing.
2017-03-09 00:37:10,539 INFO  [org.jboss.as.ejb3] (MSC service thread 1-8) WFLYEJB0482: Strict pool mdb-strict-max-pool is using a max instance size of 32 (per class), which is derived from the number of CPUs on this host.
2017-03-09 00:37:10,711 WARN  [org.jboss.as.domain.management.security] (MSC service thread 1-1) WFLYDM0111: Keystore /Users/yapi/Servers/wildfly-10.1.0.Final/standalone/configuration/application.keystore not found, it will be auto generated on first use with a self signed certificate for host localhost
2017-03-09 00:37:10,819 INFO  [org.jboss.as.server.deployment.scanner] (MSC service thread 1-5) WFLYDS0013: Started FileSystemDeploymentService for directory /Users/yapi/Servers/wildfly-10.1.0.Final/standalone/deployments
2017-03-09 00:37:10,829 INFO  [org.jboss.as.server.deployment] (MSC service thread 1-6) WFLYSRV0027: Starting deployment of "mysql-connector-java-6.0.5.jar" (runtime-name: "mysql-connector-java-6.0.5.jar")
2017-03-09 00:37:10,970 INFO  [org.infinispan.factories.GlobalComponentRegistry] (MSC service thread 1-5) ISPN000128: Infinispan version: Infinispan 'Chakra' 8.2.4.Final
2017-03-09 00:37:10,973 INFO  [org.wildfly.extension.undertow] (MSC service thread 1-1) WFLYUT0006: Undertow HTTPS listener https listening on 127.0.0.1:8443
2017-03-09 00:37:10,999 INFO  [org.infinispan.configuration.cache.EvictionConfigurationBuilder] (ServerService Thread Pool -- 63) ISPN000152: Passivation configured without an eviction policy being selected. Only manually evicted entities will be passivated.
2017-03-09 00:37:10,999 INFO  [org.infinispan.configuration.cache.EvictionConfigurationBuilder] (ServerService Thread Pool -- 64) ISPN000152: Passivation configured without an eviction policy being selected. Only manually evicted entities will be passivated.
2017-03-09 00:37:10,999 INFO  [org.infinispan.configuration.cache.EvictionConfigurationBuilder] (ServerService Thread Pool -- 62) ISPN000152: Passivation configured without an eviction policy being selected. Only manually evicted entities will be passivated.
2017-03-09 00:37:11,000 INFO  [org.infinispan.configuration.cache.EvictionConfigurationBuilder] (ServerService Thread Pool -- 63) ISPN000152: Passivation configured without an eviction policy being selected. Only manually evicted entities will be passivated.
2017-03-09 00:37:11,000 INFO  [org.infinispan.configuration.cache.EvictionConfigurationBuilder] (ServerService Thread Pool -- 62) ISPN000152: Passivation configured without an eviction policy being selected. Only manually evicted entities will be passivated.
2017-03-09 00:37:11,000 INFO  [org.infinispan.configuration.cache.EvictionConfigurationBuilder] (ServerService Thread Pool -- 64) ISPN000152: Passivation configured without an eviction policy being selected. Only manually evicted entities will be passivated.
2017-03-09 00:37:20,646 INFO  [org.jboss.as.connector.subsystems.datasources] (MSC service thread 1-5) WFLYJCA0001: Bound data source [java:jboss/datasources/ExampleDS]
2017-03-09 00:37:20,650 ERROR [org.jboss.as.controller.management-operation] (Controller Boot Thread) WFLYCTL0013: Operation ("add") failed - address: ([
    ("subsystem" => "datasources"),
    ("data-source" => "MySqlDS")
]) - failure description: {
    "WFLYCTL0412: Required services that are not installed:" => ["jboss.jdbc-driver.mysql-connector-java-6_0_5_jar"],
    "WFLYCTL0180: Services with missing/unavailable dependencies" => [
        "jboss.driver-demander.java:/MySqlDS is missing [jboss.jdbc-driver.mysql-connector-java-6_0_5_jar]",
        "org.wildfly.data-source.MySqlDS is missing [jboss.jdbc-driver.mysql-connector-java-6_0_5_jar]"
    ]
}
2017-03-09 00:37:20,654 ERROR [org.jboss.as.controller.management-operation] (Controller Boot Thread) WFLYCTL0013: Operation ("add") failed - address: ([("subsystem" => "webservices")]) - failure description: {
    "WFLYCTL0180: Services with missing/unavailable dependencies" => undefined,
    "WFLYCTL0288: One or more services were unable to start due to one or more indirect dependencies not being available." => {
        "Services that were unable to start:" => ["jboss.ws.config"],
        "Services that may be the cause:" => [
            "jboss.jdbc-driver.mysql-connector-java-6_0_5_jar",
            "jboss.remoting.remotingConnectorInfoService.http-remoting-connector"
        ]
    }
}
2017-03-09 00:37:20,655 ERROR [org.jboss.as.controller.management-operation] (Controller Boot Thread) WFLYCTL0013: Operation ("add") failed - address: ([
    ("subsystem" => "undertow"),
    ("server" => "default-server"),
    ("http-listener" => "default")
]) - failure description: {
    "WFLYCTL0080: Failed services" => {"jboss.undertow.listener.default" => "org.jboss.msc.service.StartException in service jboss.undertow.listener.default: WFLYUT0082: Could not start 'default' listener.
    Caused by: java.net.SocketException: Permission denied"},
    "WFLYCTL0412: Required services that are not installed:" => ["jboss.undertow.listener.default"],
    "WFLYCTL0180: Services with missing/unavailable dependencies" => undefined
}
2017-03-09 00:37:20,657 ERROR [org.jboss.as.controller.management-operation] (Controller Boot Thread) WFLYCTL0013: Operation ("add") failed - address: ([
    ("subsystem" => "datasources"),
    ("data-source" => "MySqlDS")
]) - failure description: {
    "WFLYCTL0412: Required services that are not installed:" => [
        "jboss.jdbc-driver.mysql-connector-java-6_0_5_jar",
        "jboss.jdbc-driver.mysql-connector-java-6_0_5_jar"
    ],
    "WFLYCTL0180: Services with missing/unavailable dependencies" => [
        "jboss.driver-demander.java:/MySqlDS is missing [jboss.jdbc-driver.mysql-connector-java-6_0_5_jar]",
        "org.wildfly.data-source.MySqlDS is missing [jboss.jdbc-driver.mysql-connector-java-6_0_5_jar]",
        "org.wildfly.data-source.MySqlDS is missing [jboss.jdbc-driver.mysql-connector-java-6_0_5_jar]"
    ],
    "WFLYCTL0288: One or more services were unable to start due to one or more indirect dependencies not being available." => {
        "Services that were unable to start:" => [
            "jboss.data-source.reference-factory.MySqlDS",
            "jboss.naming.context.java.MySqlDS"
        ],
        "Services that may be the cause:" => [
            "jboss.jdbc-driver.mysql-connector-java-6_0_5_jar",
            "jboss.remoting.remotingConnectorInfoService.http-remoting-connector"
        ]
    }
}
2017-03-09 00:37:20,659 ERROR [org.jboss.as.controller.management-operation] (Controller Boot Thread) WFLYCTL0013: Operation ("add") failed - address: ([("subsystem" => "ejb3")]) - failure description: {
    "WFLYCTL0180: Services with missing/unavailable dependencies" => undefined,
    "WFLYCTL0288: One or more services were unable to start due to one or more indirect dependencies not being available." => {
        "Services that were unable to start:" => [
            "jboss.ejb.default-local-ejb-receiver-service",
            "jboss.ejb3.ejbClientContext.default",
            "jboss.ejb3.localEjbReceiver.value"
        ],
        "Services that may be the cause:" => [
            "jboss.jdbc-driver.mysql-connector-java-6_0_5_jar",
            "jboss.remoting.remotingConnectorInfoService.http-remoting-connector"
        ]
    }
}
2017-03-09 00:37:20,659 ERROR [org.jboss.as.controller.management-operation] (Controller Boot Thread) WFLYCTL0013: Operation ("add") failed - address: ([
    ("subsystem" => "ejb3"),
    ("service" => "remote")
]) - failure description: {
    "WFLYCTL0412: Required services that are not installed:" => ["jboss.remoting.remotingConnectorInfoService.http-remoting-connector"],
    "WFLYCTL0180: Services with missing/unavailable dependencies" => ["jboss.ejb3.connector is missing [jboss.remoting.remotingConnectorInfoService.http-remoting-connector]"]
}
2017-03-09 00:37:20,661 ERROR [org.jboss.as.controller.management-operation] (Controller Boot Thread) WFLYCTL0013: Operation ("add") failed - address: ([("deployment" => "mysql-connector-java-6.0.5.jar")]) - failure description: {
    "WFLYCTL0180: Services with missing/unavailable dependencies" => undefined,
    "WFLYCTL0288: One or more services were unable to start due to one or more indirect dependencies not being available." => {
        "Services that were unable to start:" => ["jboss.deployment.unit.\"mysql-connector-java-6.0.5.jar\".PARSE"],
        "Services that may be the cause:" => [
            "jboss.jdbc-driver.mysql-connector-java-6_0_5_jar",
            "jboss.remoting.remotingConnectorInfoService.http-remoting-connector"
        ]
    }
}
2017-03-09 00:37:20,682 INFO  [org.jboss.as.server] (Controller Boot Thread) WFLYSRV0010: Deployed "mysql-connector-java-6.0.5.jar" (runtime-name : "mysql-connector-java-6.0.5.jar")
2017-03-09 00:37:20,684 INFO  [org.jboss.as.controller] (Controller Boot Thread) WFLYCTL0183: Service status report
WFLYCTL0184:    New missing/unsatisfied dependencies:
      service jboss.jdbc-driver.mysql-connector-java-6_0_5_jar (missing) dependents: [service jboss.driver-demander.java:/MySqlDS, service org.wildfly.data-source.MySqlDS] 
      service jboss.remoting.remotingConnectorInfoService.http-remoting-connector (missing) dependents: [service jboss.ejb3.connector] 
WFLYCTL0186:   Services which failed to start:      service jboss.undertow.listener.default: org.jboss.msc.service.StartException in service jboss.undertow.listener.default: WFLYUT0082: Could not start 'default' listener.

2017-03-09 00:37:20,768 INFO  [org.jboss.as] (Controller Boot Thread) WFLYSRV0060: Http management interface listening on http://127.0.0.1:9990/management
2017-03-09 00:37:20,770 INFO  [org.jboss.as] (Controller Boot Thread) WFLYSRV0051: Admin console listening on http://127.0.0.1:9990
2017-03-09 00:37:20,770 ERROR [org.jboss.as] (Controller Boot Thread) WFLYSRV0026: WildFly Full 10.1.0.Final (WildFly Core 2.2.0.Final) started (with errors) in 22809ms - Started 324 of 585 services (11 services failed or missing dependencies, 394 services are lazy, passive or on-demand)
2017-03-09 00:39:34,447 INFO  [org.jboss.as.server] (Thread-2) WFLYSRV0220: Server shutdown has been requested via an OS signal
2017-03-09 00:39:34,457 INFO  [org.jboss.as.connector.subsystems.datasources] (MSC service thread 1-6) WFLYJCA0010: Unbound data source [java:jboss/datasources/ExampleDS]
2017-03-09 00:39:34,462 INFO  [org.wildfly.extension.undertow] (MSC service thread 1-3) WFLYUT0008: Undertow HTTPS listener https suspending
2017-03-09 00:39:34,464 INFO  [org.wildfly.extension.undertow] (MSC service thread 1-3) WFLYUT0007: Undertow HTTPS listener https stopped, was bound to 127.0.0.1:8443
2017-03-09 00:39:34,465 INFO  [org.wildfly.extension.undertow] (MSC service thread 1-7) WFLYUT0019: Host default-host stopping
2017-03-09 00:39:34,467 INFO  [org.jboss.as.server.deployment] (MSC service thread 1-3) WFLYSRV0028: Stopped deployment mysql-connector-java-6.0.5.jar (runtime-name: mysql-connector-java-6.0.5.jar) in 17ms
2017-03-09 00:39:34,470 INFO  [org.wildfly.extension.undertow] (MSC service thread 1-1) WFLYUT0004: Undertow 1.4.0.Final stopping
2017-03-09 00:39:34,474 INFO  [org.jboss.as.connector.deployers.jdbc] (MSC service thread 1-4) WFLYJCA0019: Stopped Driver service with driver-name = h2
2017-03-09 00:39:34,479 INFO  [org.jboss.as] (MSC service thread 1-8) WFLYSRV0050: WildFly Full 10.1.0.Final (WildFly Core 2.2.0.Final) stopped in 27ms
2017-03-09 00:39:52,188 INFO  [org.jboss.modules] (main) JBoss Modules version 1.5.2.Final
2017-03-09 00:40:02,363 INFO  [org.jboss.msc] (main) JBoss MSC version 1.2.6.Final
2017-03-09 00:40:02,446 INFO  [org.jboss.as] (MSC service thread 1-7) WFLYSRV0049: WildFly Full 10.1.0.Final (WildFly Core 2.2.0.Final) starting
2017-03-09 00:40:02,448 DEBUG [org.jboss.as.config] (MSC service thread 1-7) Configured system properties:
	[Standalone] = 
	awt.toolkit = sun.lwawt.macosx.LWCToolkit
	file.encoding = UTF-8
	file.encoding.pkg = sun.io
	file.separator = /
	gopherProxySet = false
	java.awt.graphicsenv = sun.awt.CGraphicsEnvironment
	java.awt.headless = true
	java.awt.printerjob = sun.lwawt.macosx.CPrinterJob
	java.class.path = /Users/yapi/Servers/wildfly-10.1.0.Final/jboss-modules.jar
	java.class.version = 52.0
	java.endorsed.dirs = /Library/Java/JavaVirtualMachines/jdk1.8.0_111.jdk/Contents/Home/jre/lib/endorsed
	java.ext.dirs = /Users/yapi/Library/Java/Extensions:/Library/Java/JavaVirtualMachines/jdk1.8.0_111.jdk/Contents/Home/jre/lib/ext:/Library/Java/Extensions:/Network/Library/Java/Extensions:/System/Library/Java/Extensions:/usr/lib/java
	java.home = /Library/Java/JavaVirtualMachines/jdk1.8.0_111.jdk/Contents/Home/jre
	java.io.tmpdir = /var/folders/fb/n9hml22123g81cvchsw7jt0w0000gn/T/
	java.library.path = /Users/yapi/Library/Java/Extensions:/Library/Java/Extensions:/Network/Library/Java/Extensions:/System/Library/Java/Extensions:/usr/lib/java:.
	java.net.preferIPv4Stack = true
	java.runtime.name = Java(TM) SE Runtime Environment
	java.runtime.version = 1.8.0_111-b14
	java.specification.name = Java Platform API Specification
	java.specification.vendor = Oracle Corporation
	java.specification.version = 1.8
	java.util.logging.manager = org.jboss.logmanager.LogManager
	java.vendor = Oracle Corporation
	java.vendor.url = http://java.oracle.com/
	java.vendor.url.bug = http://bugreport.sun.com/bugreport/
	java.version = 1.8.0_111
	java.vm.info = mixed mode
	java.vm.name = Java HotSpot(TM) 64-Bit Server VM
	java.vm.specification.name = Java Virtual Machine Specification
	java.vm.specification.vendor = Oracle Corporation
	java.vm.specification.version = 1.8
	java.vm.vendor = Oracle Corporation
	java.vm.version = 25.111-b14
	javax.management.builder.initial = org.jboss.as.jmx.PluggableMBeanServerBuilder
	javax.xml.datatype.DatatypeFactory = __redirected.__DatatypeFactory
	javax.xml.parsers.DocumentBuilderFactory = __redirected.__DocumentBuilderFactory
	javax.xml.parsers.SAXParserFactory = __redirected.__SAXParserFactory
	javax.xml.stream.XMLEventFactory = __redirected.__XMLEventFactory
	javax.xml.stream.XMLInputFactory = __redirected.__XMLInputFactory
	javax.xml.stream.XMLOutputFactory = __redirected.__XMLOutputFactory
	javax.xml.transform.TransformerFactory = __redirected.__TransformerFactory
	javax.xml.validation.SchemaFactory:http://www.w3.org/2001/XMLSchema = __redirected.__SchemaFactory
	javax.xml.xpath.XPathFactory:http://java.sun.com/jaxp/xpath/dom = __redirected.__XPathFactory
	jboss.home.dir = /Users/yapi/Servers/wildfly-10.1.0.Final
	jboss.host.name = yandys-macbook-pro
	jboss.modules.dir = /Users/yapi/Servers/wildfly-10.1.0.Final/modules
	jboss.modules.system.pkgs = org.jboss.byteman
	jboss.node.name = yandys-macbook-pro
	jboss.qualified.host.name = yandys-macbook-pro.local
	jboss.server.base.dir = /Users/yapi/Servers/wildfly-10.1.0.Final/standalone
	jboss.server.config.dir = /Users/yapi/Servers/wildfly-10.1.0.Final/standalone/configuration
	jboss.server.data.dir = /Users/yapi/Servers/wildfly-10.1.0.Final/standalone/data
	jboss.server.deploy.dir = /Users/yapi/Servers/wildfly-10.1.0.Final/standalone/data/content
	jboss.server.log.dir = /Users/yapi/Servers/wildfly-10.1.0.Final/standalone/log
	jboss.server.name = yandys-macbook-pro
	jboss.server.persist.config = true
	jboss.server.temp.dir = /Users/yapi/Servers/wildfly-10.1.0.Final/standalone/tmp
	line.separator = 

	logging.configuration = file:/Users/yapi/Servers/wildfly-10.1.0.Final/standalone/configuration/logging.properties
	module.path = /Users/yapi/Servers/wildfly-10.1.0.Final/modules
	org.jboss.boot.log.file = /Users/yapi/Servers/wildfly-10.1.0.Final/standalone/log/server.log
	org.jboss.resolver.warning = true
	org.xml.sax.driver = __redirected.__XMLReaderFactory
	os.arch = x86_64
	os.name = Mac OS X
	os.version = 10.12.3
	path.separator = :
	sun.arch.data.model = 64
	sun.boot.class.path = /Library/Java/JavaVirtualMachines/jdk1.8.0_111.jdk/Contents/Home/jre/lib/resources.jar:/Library/Java/JavaVirtualMachines/jdk1.8.0_111.jdk/Contents/Home/jre/lib/rt.jar:/Library/Java/JavaVirtualMachines/jdk1.8.0_111.jdk/Contents/Home/jre/lib/sunrsasign.jar:/Library/Java/JavaVirtualMachines/jdk1.8.0_111.jdk/Contents/Home/jre/lib/jsse.jar:/Library/Java/JavaVirtualMachines/jdk1.8.0_111.jdk/Contents/Home/jre/lib/jce.jar:/Library/Java/JavaVirtualMachines/jdk1.8.0_111.jdk/Contents/Home/jre/lib/charsets.jar:/Library/Java/JavaVirtualMachines/jdk1.8.0_111.jdk/Contents/Home/jre/lib/jfr.jar:/Library/Java/JavaVirtualMachines/jdk1.8.0_111.jdk/Contents/Home/jre/classes
	sun.boot.library.path = /Library/Java/JavaVirtualMachines/jdk1.8.0_111.jdk/Contents/Home/jre/lib
	sun.cpu.endian = little
	sun.cpu.isalist = 
	sun.io.unicode.encoding = UnicodeBig
	sun.java.command = /Users/yapi/Servers/wildfly-10.1.0.Final/jboss-modules.jar -mp /Users/yapi/Servers/wildfly-10.1.0.Final/modules org.jboss.as.standalone -Djboss.home.dir=/Users/yapi/Servers/wildfly-10.1.0.Final -Djboss.server.base.dir=/Users/yapi/Servers/wildfly-10.1.0.Final/standalone
	sun.java.launcher = SUN_STANDARD
	sun.jnu.encoding = UTF-8
	sun.management.compiler = HotSpot 64-Bit Tiered Compilers
	sun.os.patch.level = unknown
	user.country = CH
	user.dir = /Users/yapi/Servers/wildfly-10.1.0.Final
	user.home = /Users/yapi
	user.language = de
	user.name = yapi
	user.timezone = Europe/Zurich
2017-03-09 00:40:02,448 DEBUG [org.jboss.as.config] (MSC service thread 1-7) VM Arguments: -D[Standalone] -Xms64m -Xmx512m -XX:MetaspaceSize=96M -XX:MaxMetaspaceSize=256m -Djava.net.preferIPv4Stack=true -Djboss.modules.system.pkgs=org.jboss.byteman -Djava.awt.headless=true -Dorg.jboss.boot.log.file=/Users/yapi/Servers/wildfly-10.1.0.Final/standalone/log/server.log -Dlogging.configuration=file:/Users/yapi/Servers/wildfly-10.1.0.Final/standalone/configuration/logging.properties 
2017-03-09 00:40:03,314 INFO  [org.jboss.as.server] (Controller Boot Thread) WFLYSRV0039: Creating http management service using socket-binding (management-http)
2017-03-09 00:40:03,329 INFO  [org.xnio] (MSC service thread 1-7) XNIO version 3.4.0.Final
2017-03-09 00:40:03,334 INFO  [org.xnio.nio] (MSC service thread 1-7) XNIO NIO Implementation Version 3.4.0.Final
2017-03-09 00:40:03,360 INFO  [org.jboss.as.clustering.infinispan] (ServerService Thread Pool -- 38) WFLYCLINF0001: Activating Infinispan subsystem.
2017-03-09 00:40:03,357 WARN  [org.jboss.as.txn] (ServerService Thread Pool -- 54) WFLYTX0013: Node identifier property is set to the default value. Please make sure it is unique.
2017-03-09 00:40:03,370 INFO  [org.jboss.as.webservices] (ServerService Thread Pool -- 56) WFLYWS0002: Activating WebServices Extension
2017-03-09 00:40:03,374 INFO  [org.jboss.as.naming] (ServerService Thread Pool -- 46) WFLYNAM0001: Activating Naming Subsystem
2017-03-09 00:40:03,374 INFO  [org.jboss.as.security] (ServerService Thread Pool -- 53) WFLYSEC0002: Activating Security Subsystem
2017-03-09 00:40:03,375 INFO  [org.wildfly.extension.io] (ServerService Thread Pool -- 37) WFLYIO001: Worker 'default' has auto-configured to 16 core threads with 128 task threads based on your 8 available processors
2017-03-09 00:40:03,382 INFO  [org.jboss.as.security] (MSC service thread 1-8) WFLYSEC0001: Current PicketBox version=4.9.6.Final
2017-03-09 00:40:03,412 INFO  [org.jboss.as.jsf] (ServerService Thread Pool -- 44) WFLYJSF0007: Activated the following JSF Implementations: [main]
2017-03-09 00:40:03,441 INFO  [org.jboss.as.connector] (MSC service thread 1-8) WFLYJCA0009: Starting JCA Subsystem (WildFly/IronJacamar 1.3.4.Final)
2017-03-09 00:40:03,447 INFO  [org.wildfly.extension.undertow] (MSC service thread 1-1) WFLYUT0003: Undertow 1.4.0.Final starting
2017-03-09 00:40:03,472 INFO  [org.jboss.as.naming] (MSC service thread 1-1) WFLYNAM0003: Starting Naming Service
2017-03-09 00:40:03,472 INFO  [org.jboss.as.connector.subsystems.datasources] (ServerService Thread Pool -- 33) WFLYJCA0004: Deploying JDBC-compliant driver class org.h2.Driver (version 1.3)
2017-03-09 00:40:03,474 INFO  [org.jboss.as.mail.extension] (MSC service thread 1-5) WFLYMAIL0001: Bound mail session [java:jboss/mail/Default]
2017-03-09 00:40:03,477 INFO  [org.jboss.as.connector.deployers.jdbc] (MSC service thread 1-3) WFLYJCA0018: Started Driver service with driver-name = h2
2017-03-09 00:40:03,490 INFO  [org.jboss.remoting] (MSC service thread 1-7) JBoss Remoting version 4.0.21.Final
2017-03-09 00:40:03,587 INFO  [org.wildfly.extension.undertow] (ServerService Thread Pool -- 55) WFLYUT0014: Creating file handler for path '/Users/yapi/Servers/wildfly-10.1.0.Final/welcome-content' with options [directory-listing: 'false', follow-symlink: 'false', case-sensitive: 'true', safe-symlink-paths: '[]']
2017-03-09 00:40:03,646 INFO  [org.wildfly.extension.undertow] (MSC service thread 1-2) WFLYUT0012: Started server default-server.
2017-03-09 00:40:03,649 INFO  [org.wildfly.extension.undertow] (MSC service thread 1-5) WFLYUT0018: Host default-host starting
2017-03-09 00:40:03,744 INFO  [org.jboss.as.ejb3] (MSC service thread 1-5) WFLYEJB0482: Strict pool mdb-strict-max-pool is using a max instance size of 32 (per class), which is derived from the number of CPUs on this host.
2017-03-09 00:40:03,744 INFO  [org.jboss.as.ejb3] (MSC service thread 1-4) WFLYEJB0481: Strict pool slsb-strict-max-pool is using a max instance size of 128 (per class), which is derived from thread worker pool sizing.
2017-03-09 00:40:03,756 INFO  [org.wildfly.extension.undertow] (MSC service thread 1-2) WFLYUT0006: Undertow HTTP listener default listening on 127.0.0.1:8080
2017-03-09 00:40:03,926 WARN  [org.jboss.as.domain.management.security] (MSC service thread 1-5) WFLYDM0111: Keystore /Users/yapi/Servers/wildfly-10.1.0.Final/standalone/configuration/application.keystore not found, it will be auto generated on first use with a self signed certificate for host localhost
2017-03-09 00:40:03,949 INFO  [org.jboss.as.server.deployment.scanner] (MSC service thread 1-3) WFLYDS0013: Started FileSystemDeploymentService for directory /Users/yapi/Servers/wildfly-10.1.0.Final/standalone/deployments
2017-03-09 00:40:03,980 INFO  [org.jboss.as.server.deployment] (MSC service thread 1-3) WFLYSRV0027: Starting deployment of "mysql-connector-java-6.0.5.jar" (runtime-name: "mysql-connector-java-6.0.5.jar")
2017-03-09 00:40:04,096 INFO  [org.wildfly.extension.undertow] (MSC service thread 1-7) WFLYUT0006: Undertow HTTPS listener https listening on 127.0.0.1:8443
2017-03-09 00:40:04,162 INFO  [org.infinispan.factories.GlobalComponentRegistry] (MSC service thread 1-8) ISPN000128: Infinispan version: Infinispan 'Chakra' 8.2.4.Final
2017-03-09 00:40:04,193 INFO  [org.infinispan.configuration.cache.EvictionConfigurationBuilder] (ServerService Thread Pool -- 60) ISPN000152: Passivation configured without an eviction policy being selected. Only manually evicted entities will be passivated.
2017-03-09 00:40:04,193 INFO  [org.infinispan.configuration.cache.EvictionConfigurationBuilder] (ServerService Thread Pool -- 62) ISPN000152: Passivation configured without an eviction policy being selected. Only manually evicted entities will be passivated.
2017-03-09 00:40:04,193 INFO  [org.infinispan.configuration.cache.EvictionConfigurationBuilder] (ServerService Thread Pool -- 64) ISPN000152: Passivation configured without an eviction policy being selected. Only manually evicted entities will be passivated.
2017-03-09 00:40:04,194 INFO  [org.infinispan.configuration.cache.EvictionConfigurationBuilder] (ServerService Thread Pool -- 62) ISPN000152: Passivation configured without an eviction policy being selected. Only manually evicted entities will be passivated.
2017-03-09 00:40:04,194 INFO  [org.infinispan.configuration.cache.EvictionConfigurationBuilder] (ServerService Thread Pool -- 60) ISPN000152: Passivation configured without an eviction policy being selected. Only manually evicted entities will be passivated.
2017-03-09 00:40:04,195 INFO  [org.infinispan.configuration.cache.EvictionConfigurationBuilder] (ServerService Thread Pool -- 64) ISPN000152: Passivation configured without an eviction policy being selected. Only manually evicted entities will be passivated.
2017-03-09 00:40:04,380 INFO  [org.jboss.ws.common.management] (MSC service thread 1-7) JBWS022052: Starting JBossWS 5.1.5.Final (Apache CXF 3.1.6) 
2017-03-09 00:40:13,862 INFO  [org.jboss.as.connector.subsystems.datasources] (MSC service thread 1-6) WFLYJCA0001: Bound data source [java:jboss/datasources/ExampleDS]
2017-03-09 00:40:13,883 INFO  [org.jboss.as.connector.deployers.jdbc] (MSC service thread 1-7) WFLYJCA0005: Deploying non-JDBC-compliant driver class com.mysql.cj.jdbc.Driver (version 6.0)
2017-03-09 00:40:13,896 INFO  [org.jboss.as.connector.deployers.jdbc] (MSC service thread 1-7) WFLYJCA0018: Started Driver service with driver-name = mysql-connector-java-6.0.5.jar
2017-03-09 00:40:13,901 INFO  [org.jboss.as.connector.subsystems.datasources] (MSC service thread 1-2) WFLYJCA0001: Bound data source [java:/MySqlDS]
2017-03-09 00:40:14,060 INFO  [org.jboss.as.server] (Controller Boot Thread) WFLYSRV0010: Deployed "mysql-connector-java-6.0.5.jar" (runtime-name : "mysql-connector-java-6.0.5.jar")
2017-03-09 00:40:14,141 INFO  [org.jboss.as] (Controller Boot Thread) WFLYSRV0060: Http management interface listening on http://127.0.0.1:9990/management
2017-03-09 00:40:14,142 INFO  [org.jboss.as] (Controller Boot Thread) WFLYSRV0051: Admin console listening on http://127.0.0.1:9990
2017-03-09 00:40:14,142 INFO  [org.jboss.as] (Controller Boot Thread) WFLYSRV0025: WildFly Full 10.1.0.Final (WildFly Core 2.2.0.Final) started in 22186ms - Started 375 of 626 services (402 services are lazy, passive or on-demand)
2017-03-09 00:41:41,278 INFO  [org.jboss.as.server] (Thread-2) WFLYSRV0220: Server shutdown has been requested via an OS signal
2017-03-09 00:41:41,288 INFO  [org.jboss.as.connector.subsystems.datasources] (MSC service thread 1-3) WFLYJCA0010: Unbound data source [java:jboss/datasources/ExampleDS]
2017-03-09 00:41:41,292 INFO  [org.jboss.as.connector.subsystems.datasources] (MSC service thread 1-5) WFLYJCA0010: Unbound data source [java:/MySqlDS]
2017-03-09 00:41:41,294 INFO  [org.wildfly.extension.undertow] (MSC service thread 1-4) WFLYUT0019: Host default-host stopping
2017-03-09 00:41:41,297 INFO  [org.jboss.as.connector.deployers.jdbc] (MSC service thread 1-4) WFLYJCA0019: Stopped Driver service with driver-name = h2
2017-03-09 00:41:41,298 INFO  [org.jboss.as.connector.deployers.jdbc] (MSC service thread 1-7) WFLYJCA0019: Stopped Driver service with driver-name = mysql-connector-java-6.0.5.jar
2017-03-09 00:41:41,304 INFO  [org.wildfly.extension.undertow] (MSC service thread 1-2) WFLYUT0008: Undertow HTTP listener default suspending
2017-03-09 00:41:41,304 INFO  [org.wildfly.extension.undertow] (MSC service thread 1-1) WFLYUT0008: Undertow HTTPS listener https suspending
2017-03-09 00:41:41,305 INFO  [org.wildfly.extension.undertow] (MSC service thread 1-2) WFLYUT0007: Undertow HTTP listener default stopped, was bound to 127.0.0.1:8080
2017-03-09 00:41:41,305 INFO  [org.wildfly.extension.undertow] (MSC service thread 1-1) WFLYUT0007: Undertow HTTPS listener https stopped, was bound to 127.0.0.1:8443
2017-03-09 00:41:41,306 INFO  [org.wildfly.extension.undertow] (MSC service thread 1-2) WFLYUT0004: Undertow 1.4.0.Final stopping
2017-03-09 00:41:41,306 INFO  [org.jboss.as.server.deployment] (MSC service thread 1-3) WFLYSRV0028: Stopped deployment mysql-connector-java-6.0.5.jar (runtime-name: mysql-connector-java-6.0.5.jar) in 26ms
2017-03-09 00:41:41,311 INFO  [org.jboss.as] (MSC service thread 1-8) WFLYSRV0050: WildFly Full 10.1.0.Final (WildFly Core 2.2.0.Final) stopped in 27ms
2017-03-09 00:41:53,972 INFO  [org.jboss.modules] (main) JBoss Modules version 1.5.2.Final
2017-03-09 00:42:04,139 INFO  [org.jboss.msc] (main) JBoss MSC version 1.2.6.Final
2017-03-09 00:42:04,198 INFO  [org.jboss.as] (MSC service thread 1-6) WFLYSRV0049: WildFly Full 10.1.0.Final (WildFly Core 2.2.0.Final) starting
2017-03-09 00:42:04,200 DEBUG [org.jboss.as.config] (MSC service thread 1-6) Configured system properties:
	[Standalone] = 
	awt.toolkit = sun.lwawt.macosx.LWCToolkit
	file.encoding = UTF-8
	file.encoding.pkg = sun.io
	file.separator = /
	gopherProxySet = false
	java.awt.graphicsenv = sun.awt.CGraphicsEnvironment
	java.awt.headless = true
	java.awt.printerjob = sun.lwawt.macosx.CPrinterJob
	java.class.path = /Users/yapi/Servers/wildfly-10.1.0.Final/jboss-modules.jar
	java.class.version = 52.0
	java.endorsed.dirs = /Library/Java/JavaVirtualMachines/jdk1.8.0_111.jdk/Contents/Home/jre/lib/endorsed
	java.ext.dirs = /Users/yapi/Library/Java/Extensions:/Library/Java/JavaVirtualMachines/jdk1.8.0_111.jdk/Contents/Home/jre/lib/ext:/Library/Java/Extensions:/Network/Library/Java/Extensions:/System/Library/Java/Extensions:/usr/lib/java
	java.home = /Library/Java/JavaVirtualMachines/jdk1.8.0_111.jdk/Contents/Home/jre
	java.io.tmpdir = /var/folders/zz/zyxvpxvq6csfxvn_n0000000000000/T/
	java.library.path = /Users/yapi/Library/Java/Extensions:/Library/Java/Extensions:/Network/Library/Java/Extensions:/System/Library/Java/Extensions:/usr/lib/java:.
	java.net.preferIPv4Stack = true
	java.runtime.name = Java(TM) SE Runtime Environment
	java.runtime.version = 1.8.0_111-b14
	java.specification.name = Java Platform API Specification
	java.specification.vendor = Oracle Corporation
	java.specification.version = 1.8
	java.util.logging.manager = org.jboss.logmanager.LogManager
	java.vendor = Oracle Corporation
	java.vendor.url = http://java.oracle.com/
	java.vendor.url.bug = http://bugreport.sun.com/bugreport/
	java.version = 1.8.0_111
	java.vm.info = mixed mode
	java.vm.name = Java HotSpot(TM) 64-Bit Server VM
	java.vm.specification.name = Java Virtual Machine Specification
	java.vm.specification.vendor = Oracle Corporation
	java.vm.specification.version = 1.8
	java.vm.vendor = Oracle Corporation
	java.vm.version = 25.111-b14
	javax.management.builder.initial = org.jboss.as.jmx.PluggableMBeanServerBuilder
	javax.xml.datatype.DatatypeFactory = __redirected.__DatatypeFactory
	javax.xml.parsers.DocumentBuilderFactory = __redirected.__DocumentBuilderFactory
	javax.xml.parsers.SAXParserFactory = __redirected.__SAXParserFactory
	javax.xml.stream.XMLEventFactory = __redirected.__XMLEventFactory
	javax.xml.stream.XMLInputFactory = __redirected.__XMLInputFactory
	javax.xml.stream.XMLOutputFactory = __redirected.__XMLOutputFactory
	javax.xml.transform.TransformerFactory = __redirected.__TransformerFactory
	javax.xml.validation.SchemaFactory:http://www.w3.org/2001/XMLSchema = __redirected.__SchemaFactory
	javax.xml.xpath.XPathFactory:http://java.sun.com/jaxp/xpath/dom = __redirected.__XPathFactory
	jboss.home.dir = /Users/yapi/Servers/wildfly-10.1.0.Final
	jboss.host.name = yandys-macbook-pro
	jboss.modules.dir = /Users/yapi/Servers/wildfly-10.1.0.Final/modules
	jboss.modules.system.pkgs = org.jboss.byteman
	jboss.node.name = yandys-macbook-pro
	jboss.qualified.host.name = yandys-macbook-pro.local
	jboss.server.base.dir = /Users/yapi/Servers/wildfly-10.1.0.Final/standalone
	jboss.server.config.dir = /Users/yapi/Servers/wildfly-10.1.0.Final/standalone/configuration
	jboss.server.data.dir = /Users/yapi/Servers/wildfly-10.1.0.Final/standalone/data
	jboss.server.deploy.dir = /Users/yapi/Servers/wildfly-10.1.0.Final/standalone/data/content
	jboss.server.log.dir = /Users/yapi/Servers/wildfly-10.1.0.Final/standalone/log
	jboss.server.name = yandys-macbook-pro
	jboss.server.persist.config = true
	jboss.server.temp.dir = /Users/yapi/Servers/wildfly-10.1.0.Final/standalone/tmp
	line.separator = 

	logging.configuration = file:/Users/yapi/Servers/wildfly-10.1.0.Final/standalone/configuration/logging.properties
	module.path = /Users/yapi/Servers/wildfly-10.1.0.Final/modules
	org.jboss.boot.log.file = /Users/yapi/Servers/wildfly-10.1.0.Final/standalone/log/server.log
	org.jboss.resolver.warning = true
	org.xml.sax.driver = __redirected.__XMLReaderFactory
	os.arch = x86_64
	os.name = Mac OS X
	os.version = 10.12.3
	path.separator = :
	sun.arch.data.model = 64
	sun.boot.class.path = /Library/Java/JavaVirtualMachines/jdk1.8.0_111.jdk/Contents/Home/jre/lib/resources.jar:/Library/Java/JavaVirtualMachines/jdk1.8.0_111.jdk/Contents/Home/jre/lib/rt.jar:/Library/Java/JavaVirtualMachines/jdk1.8.0_111.jdk/Contents/Home/jre/lib/sunrsasign.jar:/Library/Java/JavaVirtualMachines/jdk1.8.0_111.jdk/Contents/Home/jre/lib/jsse.jar:/Library/Java/JavaVirtualMachines/jdk1.8.0_111.jdk/Contents/Home/jre/lib/jce.jar:/Library/Java/JavaVirtualMachines/jdk1.8.0_111.jdk/Contents/Home/jre/lib/charsets.jar:/Library/Java/JavaVirtualMachines/jdk1.8.0_111.jdk/Contents/Home/jre/lib/jfr.jar:/Library/Java/JavaVirtualMachines/jdk1.8.0_111.jdk/Contents/Home/jre/classes
	sun.boot.library.path = /Library/Java/JavaVirtualMachines/jdk1.8.0_111.jdk/Contents/Home/jre/lib
	sun.cpu.endian = little
	sun.cpu.isalist = 
	sun.io.unicode.encoding = UnicodeBig
	sun.java.command = /Users/yapi/Servers/wildfly-10.1.0.Final/jboss-modules.jar -mp /Users/yapi/Servers/wildfly-10.1.0.Final/modules org.jboss.as.standalone -Djboss.home.dir=/Users/yapi/Servers/wildfly-10.1.0.Final -Djboss.server.base.dir=/Users/yapi/Servers/wildfly-10.1.0.Final/standalone
	sun.java.launcher = SUN_STANDARD
	sun.jnu.encoding = UTF-8
	sun.management.compiler = HotSpot 64-Bit Tiered Compilers
	sun.os.patch.level = unknown
	user.country = DE
	user.country.format = CH
	user.dir = /Users/yapi/Servers/wildfly-10.1.0.Final
	user.home = /var/root
	user.language = de
	user.name = root
	user.timezone = Europe/Zurich
2017-03-09 00:42:04,201 DEBUG [org.jboss.as.config] (MSC service thread 1-6) VM Arguments: -D[Standalone] -Xms64m -Xmx512m -XX:MetaspaceSize=96M -XX:MaxMetaspaceSize=256m -Djava.net.preferIPv4Stack=true -Djboss.modules.system.pkgs=org.jboss.byteman -Djava.awt.headless=true -Dorg.jboss.boot.log.file=/Users/yapi/Servers/wildfly-10.1.0.Final/standalone/log/server.log -Dlogging.configuration=file:/Users/yapi/Servers/wildfly-10.1.0.Final/standalone/configuration/logging.properties 
2017-03-09 00:42:04,978 INFO  [org.jboss.as.server] (Controller Boot Thread) WFLYSRV0039: Creating http management service using socket-binding (management-http)
2017-03-09 00:42:04,993 INFO  [org.xnio] (MSC service thread 1-8) XNIO version 3.4.0.Final
2017-03-09 00:42:04,998 INFO  [org.xnio.nio] (MSC service thread 1-8) XNIO NIO Implementation Version 3.4.0.Final
2017-03-09 00:42:05,028 INFO  [org.jboss.as.naming] (ServerService Thread Pool -- 46) WFLYNAM0001: Activating Naming Subsystem
2017-03-09 00:42:05,033 INFO  [org.jboss.as.clustering.infinispan] (ServerService Thread Pool -- 38) WFLYCLINF0001: Activating Infinispan subsystem.
2017-03-09 00:42:05,028 WARN  [org.jboss.as.txn] (ServerService Thread Pool -- 54) WFLYTX0013: Node identifier property is set to the default value. Please make sure it is unique.
2017-03-09 00:42:05,041 INFO  [org.jboss.as.webservices] (ServerService Thread Pool -- 56) WFLYWS0002: Activating WebServices Extension
2017-03-09 00:42:05,058 INFO  [org.jboss.as.security] (ServerService Thread Pool -- 53) WFLYSEC0002: Activating Security Subsystem
2017-03-09 00:42:05,074 INFO  [org.wildfly.extension.io] (ServerService Thread Pool -- 37) WFLYIO001: Worker 'default' has auto-configured to 16 core threads with 128 task threads based on your 8 available processors
2017-03-09 00:42:05,074 INFO  [org.jboss.as.jsf] (ServerService Thread Pool -- 44) WFLYJSF0007: Activated the following JSF Implementations: [main]
2017-03-09 00:42:05,085 INFO  [org.jboss.as.security] (MSC service thread 1-3) WFLYSEC0001: Current PicketBox version=4.9.6.Final
2017-03-09 00:42:05,109 INFO  [org.jboss.as.connector] (MSC service thread 1-6) WFLYJCA0009: Starting JCA Subsystem (WildFly/IronJacamar 1.3.4.Final)
2017-03-09 00:42:05,122 INFO  [org.wildfly.extension.undertow] (MSC service thread 1-2) WFLYUT0003: Undertow 1.4.0.Final starting
2017-03-09 00:42:05,133 INFO  [org.jboss.as.naming] (MSC service thread 1-6) WFLYNAM0003: Starting Naming Service
2017-03-09 00:42:05,136 INFO  [org.jboss.as.mail.extension] (MSC service thread 1-4) WFLYMAIL0001: Bound mail session [java:jboss/mail/Default]
2017-03-09 00:42:05,149 INFO  [org.jboss.as.connector.subsystems.datasources] (ServerService Thread Pool -- 33) WFLYJCA0004: Deploying JDBC-compliant driver class org.h2.Driver (version 1.3)
2017-03-09 00:42:05,156 INFO  [org.jboss.as.connector.deployers.jdbc] (MSC service thread 1-3) WFLYJCA0018: Started Driver service with driver-name = h2
2017-03-09 00:42:05,198 INFO  [org.jboss.remoting] (MSC service thread 1-7) JBoss Remoting version 4.0.21.Final
2017-03-09 00:42:05,317 INFO  [org.wildfly.extension.undertow] (ServerService Thread Pool -- 55) WFLYUT0014: Creating file handler for path '/Users/yapi/Servers/wildfly-10.1.0.Final/welcome-content' with options [directory-listing: 'false', follow-symlink: 'false', case-sensitive: 'true', safe-symlink-paths: '[]']
2017-03-09 00:42:05,353 INFO  [org.wildfly.extension.undertow] (MSC service thread 1-5) WFLYUT0012: Started server default-server.
2017-03-09 00:42:05,359 INFO  [org.wildfly.extension.undertow] (MSC service thread 1-8) WFLYUT0018: Host default-host starting
2017-03-09 00:42:05,442 INFO  [org.jboss.as.ejb3] (MSC service thread 1-4) WFLYEJB0482: Strict pool mdb-strict-max-pool is using a max instance size of 32 (per class), which is derived from the number of CPUs on this host.
2017-03-09 00:42:05,442 INFO  [org.jboss.as.ejb3] (MSC service thread 1-7) WFLYEJB0481: Strict pool slsb-strict-max-pool is using a max instance size of 128 (per class), which is derived from thread worker pool sizing.
2017-03-09 00:42:05,443 INFO  [org.wildfly.extension.undertow] (MSC service thread 1-5) WFLYUT0006: Undertow HTTP listener default listening on 127.0.0.1:80
2017-03-09 00:42:05,592 WARN  [org.jboss.as.domain.management.security] (MSC service thread 1-2) WFLYDM0111: Keystore /Users/yapi/Servers/wildfly-10.1.0.Final/standalone/configuration/application.keystore not found, it will be auto generated on first use with a self signed certificate for host localhost
2017-03-09 00:42:05,615 INFO  [org.jboss.as.server.deployment] (MSC service thread 1-4) WFLYSRV0027: Starting deployment of "mysql-connector-java-6.0.5.jar" (runtime-name: "mysql-connector-java-6.0.5.jar")
2017-03-09 00:42:05,620 INFO  [org.jboss.as.server.deployment.scanner] (MSC service thread 1-7) WFLYDS0013: Started FileSystemDeploymentService for directory /Users/yapi/Servers/wildfly-10.1.0.Final/standalone/deployments
2017-03-09 00:42:05,713 INFO  [org.wildfly.extension.undertow] (MSC service thread 1-2) WFLYUT0006: Undertow HTTPS listener https listening on 127.0.0.1:8443
2017-03-09 00:42:05,745 INFO  [org.infinispan.factories.GlobalComponentRegistry] (MSC service thread 1-5) ISPN000128: Infinispan version: Infinispan 'Chakra' 8.2.4.Final
2017-03-09 00:42:05,774 INFO  [org.infinispan.configuration.cache.EvictionConfigurationBuilder] (ServerService Thread Pool -- 65) ISPN000152: Passivation configured without an eviction policy being selected. Only manually evicted entities will be passivated.
2017-03-09 00:42:05,775 INFO  [org.infinispan.configuration.cache.EvictionConfigurationBuilder] (ServerService Thread Pool -- 61) ISPN000152: Passivation configured without an eviction policy being selected. Only manually evicted entities will be passivated.
2017-03-09 00:42:05,775 INFO  [org.infinispan.configuration.cache.EvictionConfigurationBuilder] (ServerService Thread Pool -- 65) ISPN000152: Passivation configured without an eviction policy being selected. Only manually evicted entities will be passivated.
2017-03-09 00:42:05,776 INFO  [org.infinispan.configuration.cache.EvictionConfigurationBuilder] (ServerService Thread Pool -- 61) ISPN000152: Passivation configured without an eviction policy being selected. Only manually evicted entities will be passivated.
2017-03-09 00:42:05,774 INFO  [org.infinispan.configuration.cache.EvictionConfigurationBuilder] (ServerService Thread Pool -- 64) ISPN000152: Passivation configured without an eviction policy being selected. Only manually evicted entities will be passivated.
2017-03-09 00:42:05,777 INFO  [org.infinispan.configuration.cache.EvictionConfigurationBuilder] (ServerService Thread Pool -- 64) ISPN000152: Passivation configured without an eviction policy being selected. Only manually evicted entities will be passivated.
2017-03-09 00:42:05,937 INFO  [org.jboss.ws.common.management] (MSC service thread 1-2) JBWS022052: Starting JBossWS 5.1.5.Final (Apache CXF 3.1.6) 
2017-03-09 00:42:15,492 INFO  [org.jboss.as.connector.subsystems.datasources] (MSC service thread 1-4) WFLYJCA0001: Bound data source [java:jboss/datasources/ExampleDS]
2017-03-09 00:42:15,497 INFO  [org.jboss.as.connector.deployers.jdbc] (MSC service thread 1-6) WFLYJCA0005: Deploying non-JDBC-compliant driver class com.mysql.cj.jdbc.Driver (version 6.0)
2017-03-09 00:42:15,508 INFO  [org.jboss.as.connector.deployers.jdbc] (MSC service thread 1-5) WFLYJCA0018: Started Driver service with driver-name = mysql-connector-java-6.0.5.jar
2017-03-09 00:42:15,512 INFO  [org.jboss.as.connector.subsystems.datasources] (MSC service thread 1-7) WFLYJCA0001: Bound data source [java:/MySqlDS]
2017-03-09 00:42:15,644 INFO  [org.jboss.as.server] (Controller Boot Thread) WFLYSRV0010: Deployed "mysql-connector-java-6.0.5.jar" (runtime-name : "mysql-connector-java-6.0.5.jar")
2017-03-09 00:42:15,742 INFO  [org.jboss.as] (Controller Boot Thread) WFLYSRV0060: Http management interface listening on http://127.0.0.1:9990/management
2017-03-09 00:42:15,743 INFO  [org.jboss.as] (Controller Boot Thread) WFLYSRV0051: Admin console listening on http://127.0.0.1:9990
2017-03-09 00:42:15,743 INFO  [org.jboss.as] (Controller Boot Thread) WFLYSRV0025: WildFly Full 10.1.0.Final (WildFly Core 2.2.0.Final) started in 22003ms - Started 375 of 626 services (402 services are lazy, passive or on-demand)
2017-03-09 00:42:27,403 INFO  [org.jboss.as.server] (Thread-2) WFLYSRV0220: Server shutdown has been requested via an OS signal
2017-03-09 00:42:27,412 INFO  [org.jboss.as.connector.subsystems.datasources] (MSC service thread 1-3) WFLYJCA0010: Unbound data source [java:jboss/datasources/ExampleDS]
2017-03-09 00:42:27,423 INFO  [org.jboss.as.connector.subsystems.datasources] (MSC service thread 1-2) WFLYJCA0010: Unbound data source [java:/MySqlDS]
2017-03-09 00:42:27,424 INFO  [org.wildfly.extension.undertow] (MSC service thread 1-4) WFLYUT0019: Host default-host stopping
2017-03-09 00:42:27,429 INFO  [org.jboss.as.connector.deployers.jdbc] (MSC service thread 1-6) WFLYJCA0019: Stopped Driver service with driver-name = mysql-connector-java-6.0.5.jar
2017-03-09 00:42:27,429 INFO  [org.jboss.as.connector.deployers.jdbc] (MSC service thread 1-1) WFLYJCA0019: Stopped Driver service with driver-name = h2
2017-03-09 00:42:27,441 INFO  [org.wildfly.extension.undertow] (MSC service thread 1-5) WFLYUT0008: Undertow HTTPS listener https suspending
2017-03-09 00:42:27,441 INFO  [org.wildfly.extension.undertow] (MSC service thread 1-3) WFLYUT0008: Undertow HTTP listener default suspending
2017-03-09 00:42:27,442 INFO  [org.jboss.as.server.deployment] (MSC service thread 1-7) WFLYSRV0028: Stopped deployment mysql-connector-java-6.0.5.jar (runtime-name: mysql-connector-java-6.0.5.jar) in 36ms
2017-03-09 00:42:27,442 INFO  [org.wildfly.extension.undertow] (MSC service thread 1-5) WFLYUT0007: Undertow HTTPS listener https stopped, was bound to 127.0.0.1:8443
2017-03-09 00:42:27,442 INFO  [org.wildfly.extension.undertow] (MSC service thread 1-3) WFLYUT0007: Undertow HTTP listener default stopped, was bound to 127.0.0.1:80
2017-03-09 00:42:27,443 INFO  [org.wildfly.extension.undertow] (MSC service thread 1-2) WFLYUT0004: Undertow 1.4.0.Final stopping
2017-03-09 00:42:27,450 INFO  [org.jboss.as] (MSC service thread 1-5) WFLYSRV0050: WildFly Full 10.1.0.Final (WildFly Core 2.2.0.Final) stopped in 41ms
